0 info it worked if it ends with ok
1 verbose cli [ '/Users/loganrogers/.node/bin/node',
1 verbose cli   '/Users/loganrogers/.node/bin/npm',
1 verbose cli   'run',
1 verbose cli   'start-watch' ]
2 info using npm@3.10.7
3 info using node@v4.5.0
4 verbose stack Error: missing script: start-watch
4 verbose stack     at run (/Users/loganrogers/.node/lib/node_modules/npm/lib/run-script.js:151:19)
4 verbose stack     at /Users/loganrogers/.node/lib/node_modules/npm/lib/run-script.js:61:5
4 verbose stack     at /Users/loganrogers/.node/lib/node_modules/npm/node_modules/read-package-json/read-json.js:356:5
4 verbose stack     at checkBinReferences_ (/Users/loganrogers/.node/lib/node_modules/npm/node_modules/read-package-json/read-json.js:320:45)
4 verbose stack     at final (/Users/loganrogers/.node/lib/node_modules/npm/node_modules/read-package-json/read-json.js:354:3)
4 verbose stack     at then (/Users/loganrogers/.node/lib/node_modules/npm/node_modules/read-package-json/read-json.js:124:5)
4 verbose stack     at ReadFileContext.<anonymous> (/Users/loganrogers/.node/lib/node_modules/npm/node_modules/read-package-json/read-json.js:295:20)
4 verbose stack     at ReadFileContext.callback (/Users/loganrogers/.node/lib/node_modules/npm/node_modules/graceful-fs/graceful-fs.js:78:16)
4 verbose stack     at FSReqWrap.readFileAfterOpen [as oncomplete] (fs.js:303:13)
5 verbose cwd /Users/loganrogers/codefellows/401/labs/lab-36-fullstack-oauth
6 error Darwin 15.6.0
7 error argv "/Users/loganrogers/.node/bin/node" "/Users/loganrogers/.node/bin/npm" "run" "start-watch"
8 error node v4.5.0
9 error npm  v3.10.7
10 error missing script: start-watch
11 error If you need help, you may report this error at:
11 error     <https://github.com/npm/npm/issues>
12 verbose exit [ 1, true ]
